<?xml version="1.0" encoding="UTF-8"?>
<testsuite xmlns:xsi="http://www.w3.org/2001/XMLSchema-instance" xsi:schemaLocation="https://maven.apache.org/surefire/maven-surefire-plugin/xsd/surefire-test-report.xsd" name="techUplabs.Runner.TestRunner" time="31.17" tests="36" errors="0" skipped="0" failures="0">
  <properties>
[...]
</properties>
  <testcase name="When Read JSON file from resources and Map JSON to POJO objects" classname="Scenario: To parse the json file and validate response" time="0.003"/>
  <testcase name="Then Parse the response fields" classname="Scenario: To parse the json file and validate response" time="0"/>
  <testcase name="Scenario: To parse the json file and validate response" classname="Scenario: To parse the json file and validate response" time="0.001"/>
  <testcase name="Given Read excel file sheet &quot;testData&quot; and display table with column 5" classname="Scenario: To read the excel file and display the values" time="0"/>
  <testcase name="Scenario: To read the excel file and display the values" classname="Scenario: To read the excel file and display the values" time="0"/>
  <testcase name="Given Configure RestAssured" classname="Scenario: To hit weatherApp API using q and appId and validate response" time="0"/>
  <testcase name="Given Query params are q &quot;London&quot; and appId &quot;b1b15e88fa797225412429c1c50c122a1&quot;" classname="Scenario: To hit weatherApp API using q and appId and validate response" time="0"/>
  <testcase name="When GET WeatherApp API call is made and assert statusCode 200" classname="Scenario: To hit weatherApp API using q and appId and validate response" time="0"/>
  <testcase name="Then Validate the response lat &quot;51.51&quot;, lon &quot;-0.13&quot;, description &quot;light intensity drizzle&quot;, pressure &quot;1012&quot;, country &quot;GB&quot; and name &quot;London&quot;" classname="Scenario: To hit weatherApp API using q and appId and validate response" time="0"/>
  <testcase name="Scenario: To hit weatherApp API using q and appId and validate response" classname="Scenario: To hit weatherApp API using q and appId and validate response" time="0"/>
  <testcase name="Given Configure RestAssured" classname="Scenario: To hit weatherApp API using multiple q and appId and validate response" time="0.001"/>
  <testcase name="Given Configure RestAssured" classname="Scenario: To hit weatherApp API using multiple q and appId and validate response" time="0"/>
  <testcase name="Given Configure RestAssured" classname="Scenario: To hit weatherApp API using multiple q and appId and validate response" time="0"/>
  <testcase name="Given Configure RestAssured" classname="Scenario: To hit weatherApp API using multiple q and appId and validate response" time="0.001"/>
  <testcase name="Given Query params are q &quot;London&quot;, q &quot;uk&quot; and appId &quot;b1b15e88fa797225412429c1c50c122a1&quot;" classname="Scenario: To hit weatherApp API using multiple q and appId and validate response" time="0"/>
  <testcase name="When GET WeatherApp API call is made and assert statusCode 200" classname="Scenario: To hit weatherApp API using multiple q and appId and validate response" time="0.001"/>
  <testcase name="When GET WeatherApp API call is made and assert statusCode 200" classname="Scenario: To hit weatherApp API using multiple q and appId and validate response" time="0"/>
  <testcase name="When GET WeatherApp API call is made and assert statusCode 200" classname="Scenario: To hit weatherApp API using multiple q and appId and validate response" time="0"/>
  <testcase name="Then Validate the response lat &quot;51.51&quot;, lon &quot;-0.13&quot;, description &quot;light intensity drizzle&quot;, pressure &quot;1012&quot;, country &quot;GB&quot; and name &quot;London&quot;" classname="Scenario: To hit weatherApp API using multiple q and appId and validate response" time="0.001"/>
  <testcase name="Scenario: To hit weatherApp API using multiple q and appId and validate response" classname="Scenario: To hit weatherApp API using multiple q and appId and validate response" time="0.002"/>
  <testcase name="Scenario: To hit weatherApp API using multiple q and appId and validate response" classname="Scenario: To hit weatherApp API using multiple q and appId and validate response" time="0.001"/>
  <testcase name="Scenario: To hit weatherApp API using multiple q and appId and validate response" classname="Scenario: To hit weatherApp API using multiple q and appId and validate response" time="0.001"/>
  <testcase name="Scenario: To hit weatherApp API using multiple q and appId and validate response" classname="Scenario: To hit weatherApp API using multiple q and appId and validate response" time="0.002"/>
  <testcase name="Given Query params are id 2172797 and appId &quot;b1b15e88fa797225412429c1c50c122a1&quot;" classname="Scenario: To hit weatherApp API using multiple q and appId and validate response" time="0.001"/>
  <testcase name="Then Validate the response lat &quot;-16.92&quot;, lon &quot;145.77&quot;, description &quot;scattered clouds&quot;, pressure &quot;1007&quot;, country &quot;AU&quot; and name &quot;Cairns&quot;" classname="Scenario: To hit weatherApp API using multiple q and appId and validate response" time="0"/>
  <testcase name="Given Query params are lat 35, lon 139 and appId &quot;b1b15e88fa797225412429c1c50c122a1&quot;" classname="Scenario: To hit weatherApp API using multiple q and appId and validate response" time="0"/>
  <testcase name="Then Validate the response lat &quot;35.02&quot;, lon &quot;139.01&quot;, description &quot;clear sky&quot;, pressure &quot;1013.75&quot;, country &quot;JP&quot; and name &quot;Tawarano&quot;" classname="Scenario: To hit weatherApp API using multiple q and appId and validate response" time="0"/>
  <testcase name="Given Query params are zip &quot;94040&quot;, zip &quot;us&quot; and app" classname="Scenario: To hit weatherApp API using multiple q and appId and validate response" time="0"/>
  <testcase name="When GET WeatherApp API call is made and assert error statusCode 200" classname="Scenario: To hit weatherApp API using multiple q and appId and validate response" time="0"/>
  <testcase name="Then Validate the error response cod 401 and message &quot;Invalid API key. Please see http://openweathermap.org/faq#error401 for more info.&quot;" classname="Scenario: To hit weatherApp API using multiple q and appId and validate response" time="0.001"/>
  <testcase name="Given Configure WebDriver instance" classname="Scenario: To convert amount from USD to INR and validate the result" time="0.003"/>
  <testcase name="Given User navigates to xe website" classname="Scenario: To convert amount from USD to INR and validate the result" time="0"/>
  <testcase name="And Enter amount 5 from &quot;US Dollar&quot; and To &quot;Indian Rupee&quot;" classname="Scenario: To convert amount from USD to INR and validate the result" time="0"/>
  <testcase name="And Clicks on convert button" classname="Scenario: To convert amount from USD to INR and validate the result" time="0"/>
  <testcase name="Then Converted value should be &quot;413&quot;" classname="Scenario: To convert amount from USD to INR and validate the result" time="0"/>
  <testcase name="Scenario: To convert amount from USD to INR and validate the result" classname="Scenario: To convert amount from USD to INR and validate the result" time="0"/>
</testsuite>